{"contracts/Counter.sol":{"l":{"14":5,"18":2,"19":2,"20":2,"21":2,"22":2,"23":2,"27":2,"28":2,"29":1,"30":1,"31":1,"32":1},"path":"/Users/javier/dev/solidity-starter/contracts/Counter.sol","s":{"1":5,"2":2,"3":2,"4":2,"5":2,"6":2,"7":2,"8":2,"9":1,"10":1,"11":1},"b":{"1":[2,0],"2":[1,0]},"f":{"1":5,"2":2,"3":2},"fnMap":{"1":{"name":"getCount","line":13,"loc":{"start":{"line":13,"column":4},"end":{"line":15,"column":4}}},"2":{"name":"countUp","line":17,"loc":{"start":{"line":17,"column":4},"end":{"line":24,"column":4}}},"3":{"name":"countDown","line":26,"loc":{"start":{"line":26,"column":4},"end":{"line":33,"column":4}}}},"statementMap":{"1":{"start":{"line":14,"column":8},"end":{"line":14,"column":20}},"2":{"start":{"line":18,"column":8},"end":{"line":18,"column":45}},"3":{"start":{"line":19,"column":8},"end":{"line":19,"column":36}},"4":{"start":{"line":20,"column":8},"end":{"line":20,"column":52}},"5":{"start":{"line":22,"column":8},"end":{"line":22,"column":29}},"6":{"start":{"line":23,"column":8},"end":{"line":23,"column":20}},"7":{"start":{"line":27,"column":8},"end":{"line":27,"column":47}},"8":{"start":{"line":28,"column":8},"end":{"line":28,"column":36}},"9":{"start":{"line":29,"column":8},"end":{"line":29,"column":53}},"10":{"start":{"line":31,"column":8},"end":{"line":31,"column":29}},"11":{"start":{"line":32,"column":8},"end":{"line":32,"column":20}}},"branchMap":{"1":{"line":20,"type":"if","locations":[{"start":{"line":20,"column":8},"end":{"line":20,"column":8}},{"start":{"line":20,"column":8},"end":{"line":20,"column":8}}]},"2":{"line":29,"type":"if","locations":[{"start":{"line":29,"column":8},"end":{"line":29,"column":8}},{"start":{"line":29,"column":8},"end":{"line":29,"column":8}}]}}},"contracts/SimpleToken.sol":{"l":{"8":3},"path":"/Users/javier/dev/solidity-starter/contracts/SimpleToken.sol","s":{"1":3},"b":{},"f":{"1":3},"fnMap":{"1":{"name":"constructor","line":7,"loc":{"start":{"line":7,"column":4},"end":{"line":9,"column":4}}}},"statementMap":{"1":{"start":{"line":8,"column":8},"end":{"line":8,"column":47}}},"branchMap":{}}}